# JRE version: OpenJDK Runtime Environment (17.0.11+12) (build 17.0.11+12-LTS)
# Java VM: OpenJDK 64-Bit Server VM (17.0.11+12-LTS, mixed mode, sharing, tiered, compressed oops, compressed class ptrs, g1 gc, windows-amd64)
GC Precious Log:
 CPUs: 4 total, 4 available
 Memory: 16321M
 Large Page Support: Disabled
 NUMA Support: Disabled
 Compressed Oops: Enabled (Zero based)
 Heap Region Size: 2M
 Heap Min Capacity: 8M
 Heap Initial Capacity: 256M
 Heap Max Capacity: 4082M
 Pre-touch: Disabled
 Parallel Workers: 4
 Concurrent Workers: 1
 Concurrent Refinement Workers: 4
 Periodic GC: Disabled
Heap:
 garbage-first heap   total 342016K, used 178623K [0x0000000700e00000, 0x0000000800000000)
  region size 2048K, 49 young (100352K), 1 survivors (2048K)
 Metaspace       used 27752K, committed 28096K, reserved 1114112K
  class space    used 2999K, committed 3136K, reserved 1048576K
GC Heap History (20 events):
Event: 0.509 GC heap before
{Heap before GC invocations=1 (full 0):
 garbage-first heap   total 262144K, used 14759K [0x0000000700e00000, 0x0000000800000000)
  region size 2048K, 7 young (14336K), 1 survivors (2048K)
 Metaspace       used 7070K, committed 7232K, reserved 1114112K
  class space    used 815K, committed 896K, reserved 1048576K
}
Event: 0.511 GC heap after
{Heap after GC invocations=2 (full 0):
 garbage-first heap   total 262144K, used 4098K [0x0000000700e00000, 0x0000000800000000)
  region size 2048K, 1 young (2048K), 1 survivors (2048K)
 Metaspace       used 7070K, committed 7232K, reserved 1114112K
  class space    used 815K, committed 896K, reserved 1048576K
}
Event: 2.388 GC heap before
{Heap before GC invocations=2 (full 0):
 garbage-first heap   total 262144K, used 18434K [0x0000000700e00000, 0x0000000800000000)
  region size 2048K, 8 young (16384K), 1 survivors (2048K)
 Metaspace       used 19452K, committed 19776K, reserved 1114112K
  class space    used 2315K, committed 2496K, reserved 1048576K
}
Event: 2.398 GC heap after
{Heap after GC invocations=3 (full 1):
 garbage-first heap   total 40960K, used 8279K [0x0000000700e00000, 0x0000000800000000)
  region size 2048K, 0 young (0K), 0 survivors (0K)
 Metaspace       used 19452K, committed 19776K, reserved 1114112K
  class space    used 2315K, committed 2496K, reserved 1048576K
}
Event: 2.400 GC heap before
{Heap before GC invocations=3 (full 1):
 garbage-first heap   total 40960K, used 8279K [0x0000000700e00000, 0x0000000800000000)
  region size 2048K, 0 young (0K), 0 survivors (0K)
 Metaspace       used 19452K, committed 19776K, reserved 1114112K
  class space    used 2315K, committed 2496K, reserved 1048576K
}
Event: 2.410 GC heap after
{Heap after GC invocations=4 (full 2):
 garbage-first heap   total 40960K, used 8279K [0x0000000700e00000, 0x0000000800000000)
  region size 2048K, 0 young (0K), 0 survivors (0K)
 Metaspace       used 19452K, committed 19776K, reserved 1114112K
  class space    used 2315K, committed 2496K, reserved 1048576K
}
Event: 3.113 GC heap before
{Heap before GC invocations=4 (full 2):
 garbage-first heap   total 40960K, used 20567K [0x0000000700e00000, 0x0000000800000000)
  region size 2048K, 6 young (12288K), 0 survivors (0K)
 Metaspace       used 23569K, committed 23872K, reserved 1114112K
  class space    used 2576K, committed 2752K, reserved 1048576K
}
Event: 3.114 GC heap after
{Heap after GC invocations=5 (full 2):
 garbage-first heap   total 40960K, used 11331K [0x0000000700e00000, 0x0000000800000000)
  region size 2048K, 1 young (2048K), 1 survivors (2048K)
 Metaspace       used 23569K, committed 23872K, reserved 1114112K
  class space    used 2576K, committed 2752K, reserved 1048576K
}
Event: 3.346 GC heap before
{Heap before GC invocations=5 (full 2):
 garbage-first heap   total 40960K, used 17475K [0x0000000700e00000, 0x0000000800000000)
  region size 2048K, 6 young (12288K), 1 survivors (2048K)
 Metaspace       used 25474K, committed 25792K, reserved 1114112K
  class space    used 2798K, committed 2944K, reserved 1048576K
}
Event: 3.347 GC heap after
{Heap after GC invocations=6 (full 2):
 garbage-first heap   total 40960K, used 11762K [0x0000000700e00000, 0x0000000800000000)
  region size 2048K, 1 young (2048K), 1 survivors (2048K)
 Metaspace       used 25474K, committed 25792K, reserved 1114112K
  class space    used 2798K, committed 2944K, reserved 1048576K
}
Event: 3.475 GC heap before
{Heap before GC invocations=6 (full 2):
 garbage-first heap   total 40960K, used 26098K [0x0000000700e00000, 0x0000000800000000)
  region size 2048K, 6 young (12288K), 1 survivors (2048K)
 Metaspace       used 25613K, committed 25920K, reserved 1114112K
  class space    used 2811K, committed 2944K, reserved 1048576K
}
Event: 3.477 GC heap after
{Heap after GC invocations=7 (full 2):
 garbage-first heap   total 40960K, used 11719K [0x0000000700e00000, 0x0000000800000000)
  region size 2048K, 1 young (2048K), 1 survivors (2048K)
 Metaspace       used 25613K, committed 25920K, reserved 1114112K
  class space    used 2811K, committed 2944K, reserved 1048576K
}
Event: 3.566 GC heap before
{Heap before GC invocations=7 (full 2):
 garbage-first heap   total 81920K, used 69063K [0x0000000700e00000, 0x0000000800000000)
  region size 2048K, 6 young (12288K), 1 survivors (2048K)
 Metaspace       used 25619K, committed 25920K, reserved 1114112K
  class space    used 2811K, committed 2944K, reserved 1048576K
}
Event: 3.568 GC heap after
{Heap after GC invocations=8 (full 2):
 garbage-first heap   total 81920K, used 64477K [0x0000000700e00000, 0x0000000800000000)
  region size 2048K, 1 young (2048K), 1 survivors (2048K)
 Metaspace       used 25619K, committed 25920K, reserved 1114112K
  class space    used 2811K, committed 2944K, reserved 1048576K
}
Event: 3.581 GC heap before
{Heap before GC invocations=8 (full 2):
 garbage-first heap   total 81920K, used 64477K [0x0000000700e00000, 0x0000000800000000)
  region size 2048K, 2 young (4096K), 1 survivors (2048K)
 Metaspace       used 25619K, committed 25920K, reserved 1114112K
  class space    used 2811K, committed 2944K, reserved 1048576K
}
Event: 3.582 GC heap after
{Heap after GC invocations=9 (full 2):
 garbage-first heap   total 81920K, used 64761K [0x0000000700e00000, 0x0000000800000000)
  region size 2048K, 1 young (2048K), 1 survivors (2048K)
 Metaspace       used 25619K, committed 25920K, reserved 1114112K
  class space    used 2811K, committed 2944K, reserved 1048576K
}
Event: 3.598 GC heap before
{Heap before GC invocations=9 (full 2):
 garbage-first heap   total 120832K, used 62713K [0x0000000700e00000, 0x0000000800000000)
  region size 2048K, 2 young (4096K), 1 survivors (2048K)
 Metaspace       used 25619K, committed 25920K, reserved 1114112K
  class space    used 2811K, committed 2944K, reserved 1048576K
}
Event: 3.599 GC heap after
{Heap after GC invocations=10 (full 2):
 garbage-first heap   total 342016K, used 63003K [0x0000000700e00000, 0x0000000800000000)
  region size 2048K, 1 young (2048K), 1 survivors (2048K)
 Metaspace       used 25619K, committed 25920K, reserved 1114112K
  class space    used 2811K, committed 2944K, reserved 1048576K
}
Event: 4.563 GC heap before
{Heap before GC invocations=11 (full 2):
 garbage-first heap   total 342016K, used 275995K [0x0000000700e00000, 0x0000000800000000)
  region size 2048K, 79 young (161792K), 1 survivors (2048K)
 Metaspace       used 26108K, committed 26432K, reserved 1114112K
  class space    used 2869K, committed 3008K, reserved 1048576K
}
Event: 4.564 GC heap after
{Heap after GC invocations=12 (full 2):
 garbage-first heap   total 342016K, used 63935K [0x0000000700e00000, 0x0000000800000000)
  region size 2048K, 1 young (2048K), 1 survivors (2048K)
 Metaspace       used 26108K, committed 26432K, reserved 1114112K
  class space    used 2869K, committed 3008K, reserved 1048576K
}

