# JRE version: OpenJDK Runtime Environment (17.0.11+12) (build 17.0.11+12-LTS)
# Java VM: OpenJDK 64-Bit Server VM (17.0.11+12-LTS, mixed mode, sharing, tiered, compressed oops, compressed class ptrs, g1 gc, windows-amd64)
GC Precious Log:
 CPUs: 4 total, 4 available
 Memory: 16321M
 Large Page Support: Disabled
 NUMA Support: Disabled
 Compressed Oops: Enabled (Zero based)
 Heap Region Size: 2M
 Heap Min Capacity: 8M
 Heap Initial Capacity: 256M
 Heap Max Capacity: 4082M
 Pre-touch: Disabled
 Parallel Workers: 4
 Concurrent Workers: 1
 Concurrent Refinement Workers: 4
 Periodic GC: Disabled
Heap:
 garbage-first heap   total 239616K, used 91653K [0x0000000700e00000, 0x0000000800000000)
  region size 2048K, 38 young (77824K), 1 survivors (2048K)
 Metaspace       used 27785K, committed 28096K, reserved 1114112K
  class space    used 2999K, committed 3136K, reserved 1048576K
GC Heap History (20 events):
Event: 3.503 GC heap before
{Heap before GC invocations=4 (full 2):
 garbage-first heap   total 34816K, used 18530K [0x0000000700e00000, 0x0000000800000000)
  region size 2048K, 5 young (10240K), 0 survivors (0K)
 Metaspace       used 22922K, committed 23168K, reserved 1114112K
  class space    used 2517K, committed 2624K, reserved 1048576K
}
Event: 3.505 GC heap after
{Heap after GC invocations=5 (full 2):
 garbage-first heap   total 34816K, used 11198K [0x0000000700e00000, 0x0000000800000000)
  region size 2048K, 1 young (2048K), 1 survivors (2048K)
 Metaspace       used 22922K, committed 23168K, reserved 1114112K
  class space    used 2517K, committed 2624K, reserved 1048576K
}
Event: 3.714 GC heap before
{Heap before GC invocations=5 (full 2):
 garbage-first heap   total 34816K, used 17342K [0x0000000700e00000, 0x0000000800000000)
  region size 2048K, 5 young (10240K), 1 survivors (2048K)
 Metaspace       used 24951K, committed 25280K, reserved 1114112K
  class space    used 2714K, committed 2880K, reserved 1048576K
}
Event: 3.716 GC heap after
{Heap after GC invocations=6 (full 2):
 garbage-first heap   total 34816K, used 11573K [0x0000000700e00000, 0x0000000800000000)
  region size 2048K, 1 young (2048K), 1 survivors (2048K)
 Metaspace       used 24951K, committed 25280K, reserved 1114112K
  class space    used 2714K, committed 2880K, reserved 1048576K
}
Event: 3.762 GC heap before
{Heap before GC invocations=6 (full 2):
 garbage-first heap   total 34816K, used 13621K [0x0000000700e00000, 0x0000000800000000)
  region size 2048K, 3 young (6144K), 1 survivors (2048K)
 Metaspace       used 25525K, committed 25856K, reserved 1114112K
  class space    used 2798K, committed 2944K, reserved 1048576K
}
Event: 3.764 GC heap after
{Heap after GC invocations=7 (full 2):
 garbage-first heap   total 34816K, used 11847K [0x0000000700e00000, 0x0000000800000000)
  region size 2048K, 1 young (2048K), 1 survivors (2048K)
 Metaspace       used 25525K, committed 25856K, reserved 1114112K
  class space    used 2798K, committed 2944K, reserved 1048576K
}
Event: 3.856 GC heap before
{Heap before GC invocations=7 (full 2):
 garbage-first heap   total 34816K, used 26183K [0x0000000700e00000, 0x0000000800000000)
  region size 2048K, 5 young (10240K), 1 survivors (2048K)
 Metaspace       used 25541K, committed 25856K, reserved 1114112K
  class space    used 2798K, committed 2944K, reserved 1048576K
}
Event: 3.858 GC heap after
{Heap after GC invocations=8 (full 2):
 garbage-first heap   total 34816K, used 22272K [0x0000000700e00000, 0x0000000800000000)
  region size 2048K, 1 young (2048K), 1 survivors (2048K)
 Metaspace       used 25541K, committed 25856K, reserved 1114112K
  class space    used 2798K, committed 2944K, reserved 1048576K
}
Event: 3.887 GC heap before
{Heap before GC invocations=8 (full 2):
 garbage-first heap   total 34816K, used 22272K [0x0000000700e00000, 0x0000000800000000)
  region size 2048K, 2 young (4096K), 1 survivors (2048K)
 Metaspace       used 25662K, committed 25920K, reserved 1114112K
  class space    used 2812K, committed 2944K, reserved 1048576K
}
Event: 3.888 GC heap after
{Heap after GC invocations=9 (full 2):
 garbage-first heap   total 34816K, used 12730K [0x0000000700e00000, 0x0000000800000000)
  region size 2048K, 1 young (2048K), 1 survivors (2048K)
 Metaspace       used 25662K, committed 25920K, reserved 1114112K
  class space    used 2812K, committed 2944K, reserved 1048576K
}
Event: 3.990 GC heap before
{Heap before GC invocations=10 (full 2):
 garbage-first heap   total 112640K, used 68026K [0x0000000700e00000, 0x0000000800000000)
  region size 2048K, 5 young (10240K), 1 survivors (2048K)
 Metaspace       used 25663K, committed 25920K, reserved 1114112K
  class space    used 2812K, committed 2944K, reserved 1048576K
}
Event: 3.991 GC heap after
{Heap after GC invocations=11 (full 2):
 garbage-first heap   total 112640K, used 63127K [0x0000000700e00000, 0x0000000800000000)
  region size 2048K, 1 young (2048K), 1 survivors (2048K)
 Metaspace       used 25663K, committed 25920K, reserved 1114112K
  class space    used 2812K, committed 2944K, reserved 1048576K
}
Event: 4.136 GC heap before
{Heap before GC invocations=11 (full 2):
 garbage-first heap   total 112640K, used 81559K [0x0000000700e00000, 0x0000000800000000)
  region size 2048K, 11 young (22528K), 1 survivors (2048K)
 Metaspace       used 25663K, committed 25920K, reserved 1114112K
  class space    used 2812K, committed 2944K, reserved 1048576K
}
Event: 4.138 GC heap after
{Heap after GC invocations=12 (full 2):
 garbage-first heap   total 319488K, used 66001K [0x0000000700e00000, 0x0000000800000000)
  region size 2048K, 2 young (4096K), 2 survivors (4096K)
 Metaspace       used 25663K, committed 25920K, reserved 1114112K
  class space    used 2812K, committed 2944K, reserved 1048576K
}
Event: 4.421 GC heap before
{Heap before GC invocations=13 (full 2):
 garbage-first heap   total 239616K, used 94673K [0x0000000700e00000, 0x0000000800000000)
  region size 2048K, 17 young (34816K), 2 survivors (4096K)
 Metaspace       used 25663K, committed 25920K, reserved 1114112K
  class space    used 2812K, committed 2944K, reserved 1048576K
}
Event: 4.421 GC heap after
{Heap after GC invocations=14 (full 2):
 garbage-first heap   total 239616K, used 10783K [0x0000000700e00000, 0x0000000800000000)
  region size 2048K, 1 young (2048K), 1 survivors (2048K)
 Metaspace       used 25663K, committed 25920K, reserved 1114112K
  class space    used 2812K, committed 2944K, reserved 1048576K
}
Event: 4.727 GC heap before
{Heap before GC invocations=14 (full 2):
 garbage-first heap   total 239616K, used 115231K [0x0000000700e00000, 0x0000000800000000)
  region size 2048K, 28 young (57344K), 1 survivors (2048K)
 Metaspace       used 25663K, committed 25920K, reserved 1114112K
  class space    used 2812K, committed 2944K, reserved 1048576K
}
Event: 4.728 GC heap after
{Heap after GC invocations=15 (full 2):
 garbage-first heap   total 239616K, used 10787K [0x0000000700e00000, 0x0000000800000000)
  region size 2048K, 1 young (2048K), 1 survivors (2048K)
 Metaspace       used 25663K, committed 25920K, reserved 1114112K
  class space    used 2812K, committed 2944K, reserved 1048576K
}
Event: 5.683 GC heap before
{Heap before GC invocations=15 (full 2):
 garbage-first heap   total 239616K, used 219683K [0x0000000700e00000, 0x0000000800000000)
  region size 2048K, 70 young (143360K), 1 survivors (2048K)
 Metaspace       used 26762K, committed 27072K, reserved 1114112K
  class space    used 2916K, committed 3072K, reserved 1048576K
}
Event: 5.685 GC heap after
{Heap after GC invocations=16 (full 2):
 garbage-first heap   total 239616K, used 13829K [0x0000000700e00000, 0x0000000800000000)
  region size 2048K, 1 young (2048K), 1 survivors (2048K)
 Metaspace       used 26762K, committed 27072K, reserved 1114112K
  class space    used 2916K, committed 3072K, reserved 1048576K
}

